0 info it worked if it ends with ok
1 verbose cli [ 'C:\\Program Files\\nodejs\\node.exe',
1 verbose cli   'C:\\Users\\IBAD SIDDIQUI\\AppData\\Roaming\\npm\\node_modules\\npm\\bin\\npm-cli.js',
1 verbose cli   'run',
1 verbose cli   'test' ]
2 info using npm@3.10.8
3 info using node@v8.10.0
4 verbose run-script [ 'pretest', 'test', 'posttest' ]
5 info lifecycle auto_sale@1.0.0~pretest: auto_sale@1.0.0
6 silly lifecycle auto_sale@1.0.0~pretest: no script for pretest, continuing
7 info lifecycle auto_sale@1.0.0~test: auto_sale@1.0.0
8 verbose lifecycle auto_sale@1.0.0~test: unsafe-perm in lifecycle true
9 verbose lifecycle auto_sale@1.0.0~test: PATH: C:\Users\IBAD SIDDIQUI\AppData\Roaming\npm\node_modules\npm\bin\node-gyp-bin;D:\work\Case Study\Auto_sale\node_modules\.bin;C:\ProgramData\Oracle\Java\javapath;D:\Oracle\product\12.1.0\dbhome_1\bin;C:\Program Files (x86)\Intel\iCLS Client\;C:\Program Files\Intel\iCLS Client\;C:\WINDOWS\system32;C:\WINDOWS;C:\WINDOWS\System32\Wbem;C:\WINDOWS\System32\WindowsPowerShell\v1.0\;C:\Program Files (x86)\ATI Technologies\ATI.ACE\Core-Static;C:\Program Files (x86)\Intel\Intel(R) Management Engine Components\DAL;C:\Program Files\Intel\Intel(R) Management Engine Components\DAL;C:\Program Files (x86)\Intel\Intel(R) Management Engine Components\IPT;C:\Program Files\Intel\Intel(R) Management Engine Components\IPT;C:\Program Files\Git\cmd;C:\Program Files (x86)\Skype\Phone\;C:\Program Files (x86)\Yarn\bin;C:\Android\sdk;C:\Program Files\Anaconda3;C:\Program Files\Anaconda3\Scripts;C:\Program Files\Anaconda3\Library\bin;C:\Program Files\MongoDB\Server\3.4\bin;C:\Program Files\MySQL\MySQL Utilities 1.6\;C:\Program Files\Java\jdk1.8.0_144\bin;C:\Program Files (x86)\WANdisco\Subversion;C:\Program Files (x86)\GtkSharp\2.12\bin;C:\Program Files\Intel\WiFi\bin\;C:\Program Files\Common Files\Intel\WirelessCommon\;C:\Program Files (x86)\Windows Kits\8.1\Windows Performance Toolkit\;C:\Program Files\nodejs\;C:\Users\IBAD SIDDIQUI\AppData\Local\Programs\Python\Python35\Scripts\;C:\Users\IBAD SIDDIQUI\AppData\Local\Programs\Python\Python35\;C:\Program Files\Intel\WiFi\bin\;C:\Program Files\Common Files\Intel\WirelessCommon\;C:\Program Files\Java\jdk1.8.0_144\bin;C:\Program Files (x86)\Microsoft VS Code\bin;C:\Program Files (x86)\nodejs;D:\TASM\BIN;C:\Program Files (x86)\FreeArc\bin;C:\Users\IBAD SIDDIQUI\AppData\Local\Microsoft\WindowsApps;C:\Users\IBAD SIDDIQUI\AppData\Local\Yarn\.bin;C:\Program Files (x86)\WANdisco\Subversion;C:\Users\IBAD SIDDIQUI\AppData\Local\Microsoft\WindowsApps;C:\Users\IBAD SIDDIQUI\AppData\Local\atom\bin;C:\Users\IBAD SIDDIQUI\AppData\Roaming\npm
10 verbose lifecycle auto_sale@1.0.0~test: CWD: D:\work\Case Study\Auto_sale
11 silly lifecycle auto_sale@1.0.0~test: Args: [ '/d /s /c', 'mocha' ]
12 silly lifecycle auto_sale@1.0.0~test: Returned: code: 1  signal: null
13 info lifecycle auto_sale@1.0.0~test: Failed to exec test script
14 verbose stack Error: auto_sale@1.0.0 test: `mocha`
14 verbose stack Exit status 1
14 verbose stack     at EventEmitter.<anonymous> (C:\Users\IBAD SIDDIQUI\AppData\Roaming\npm\node_modules\npm\lib\utils\lifecycle.js:255:16)
14 verbose stack     at emitTwo (events.js:126:13)
14 verbose stack     at EventEmitter.emit (events.js:214:7)
14 verbose stack     at ChildProcess.<anonymous> (C:\Users\IBAD SIDDIQUI\AppData\Roaming\npm\node_modules\npm\lib\utils\spawn.js:40:14)
14 verbose stack     at emitTwo (events.js:126:13)
14 verbose stack     at ChildProcess.emit (events.js:214:7)
14 verbose stack     at maybeClose (internal/child_process.js:925:16)
14 verbose stack     at Process.ChildProcess._handle.onexit (internal/child_process.js:209:5)
15 verbose pkgid auto_sale@1.0.0
16 verbose cwd D:\work\Case Study\Auto_sale
17 error Windows_NT 10.0.16299
18 error argv "C:\\Program Files\\nodejs\\node.exe" "C:\\Users\\IBAD SIDDIQUI\\AppData\\Roaming\\npm\\node_modules\\npm\\bin\\npm-cli.js" "run" "test"
19 error node v8.10.0
20 error npm  v3.10.8
21 error code ELIFECYCLE
22 error auto_sale@1.0.0 test: `mocha`
22 error Exit status 1
23 error Failed at the auto_sale@1.0.0 test script 'mocha'.
23 error Make sure you have the latest version of node.js and npm installed.
23 error If you do, this is most likely a problem with the auto_sale package,
23 error not with npm itself.
23 error Tell the author that this fails on your system:
23 error     mocha
23 error You can get information on how to open an issue for this project with:
23 error     npm bugs auto_sale
23 error Or if that isn't available, you can get their info via:
23 error     npm owner ls auto_sale
23 error There is likely additional logging output above.
24 verbose exit [ 1, true ]
